# JRE version: OpenJDK Runtime Environment (8.0_372-b07) (build 1.8.0_372-b07)
# Java VM: OpenJDK 64-Bit Server VM (25.372-b07 mixed mode windows-amd64 compressed oops)
Heap:
 PSYoungGen      total 143360K, used 13513K [0x0000000720400000, 0x0000000731c00000, 0x00000007c0000000)
  eden space 122880K, 10% used [0x0000000720400000,0x0000000721132790,0x0000000727c00000)
  from space 20480K, 0% used [0x0000000729000000,0x0000000729000000,0x000000072a400000)
  to   space 20480K, 0% used [0x0000000727c00000,0x0000000727c00000,0x0000000729000000)
 ParOldGen       total 223744K, used 18286K [0x00000005e0c00000, 0x00000005ee680000, 0x0000000720400000)
  object space 223744K, 8% used [0x00000005e0c00000,0x00000005e1ddb820,0x00000005ee680000)
 Metaspace       used 21880K, capacity 22190K, committed 22400K, reserved 1069056K
  class space    used 2762K, capacity 2861K, committed 2944K, reserved 1048576K
GC Heap History (6 events):
Event: 1.672 GC heap before
{Heap before GC invocations=1 (full 0):
 PSYoungGen      total 143360K, used 122880K [0x0000000720400000, 0x000000072a400000, 0x00000007c0000000)
  eden space 122880K, 100% used [0x0000000720400000,0x0000000727c00000,0x0000000727c00000)
  from space 20480K, 0% used [0x0000000729000000,0x0000000729000000,0x000000072a400000)
  to   space 20480K, 0% used [0x0000000727c00000,0x0000000727c00000,0x0000000729000000)
 ParOldGen       total 327680K, used 0K [0x00000005e0c00000, 0x00000005f4c00000, 0x0000000720400000)
  object space 327680K, 0% used [0x00000005e0c00000,0x00000005e0c00000,0x00000005f4c00000)
 Metaspace       used 16331K, capacity 16494K, committed 16768K, reserved 1064960K
  class space    used 2042K, capacity 2099K, committed 2176K, reserved 1048576K
Event: 1.685 GC heap after
Heap after GC invocations=1 (full 0):
 PSYoungGen      total 143360K, used 20473K [0x0000000720400000, 0x000000072a400000, 0x00000007c0000000)
  eden space 122880K, 0% used [0x0000000720400000,0x0000000720400000,0x0000000727c00000)
  from space 20480K, 99% used [0x0000000727c00000,0x0000000728ffe580,0x0000000729000000)
  to   space 20480K, 0% used [0x0000000729000000,0x0000000729000000,0x000000072a400000)
 ParOldGen       total 327680K, used 1417K [0x00000005e0c00000, 0x00000005f4c00000, 0x0000000720400000)
  object space 327680K, 0% used [0x00000005e0c00000,0x00000005e0d62588,0x00000005f4c00000)
 Metaspace       used 16331K, capacity 16494K, committed 16768K, reserved 1064960K
  class space    used 2042K, capacity 2099K, committed 2176K, reserved 1048576K
}
Event: 2.641 GC heap before
{Heap before GC invocations=2 (full 0):
 PSYoungGen      total 143360K, used 73469K [0x0000000720400000, 0x000000072a400000, 0x00000007c0000000)
  eden space 122880K, 43% used [0x0000000720400000,0x00000007237c11c0,0x0000000727c00000)
  from space 20480K, 99% used [0x0000000727c00000,0x0000000728ffe580,0x0000000729000000)
  to   space 20480K, 0% used [0x0000000729000000,0x0000000729000000,0x000000072a400000)
 ParOldGen       total 327680K, used 1417K [0x00000005e0c00000, 0x00000005f4c00000, 0x0000000720400000)
  object space 327680K, 0% used [0x00000005e0c00000,0x00000005e0d62588,0x00000005f4c00000)
 Metaspace       used 20880K, capacity 21096K, committed 21248K, reserved 1067008K
  class space    used 2652K, capacity 2732K, committed 2816K, reserved 1048576K
Event: 2.654 GC heap after
Heap after GC invocations=2 (full 0):
 PSYoungGen      total 143360K, used 18611K [0x0000000720400000, 0x0000000731c00000, 0x00000007c0000000)
  eden space 122880K, 0% used [0x0000000720400000,0x0000000720400000,0x0000000727c00000)
  from space 20480K, 90% used [0x0000000729000000,0x000000072a22cec0,0x000000072a400000)
  to   space 20480K, 0% used [0x0000000727c00000,0x0000000727c00000,0x0000000729000000)
 ParOldGen       total 327680K, used 1441K [0x00000005e0c00000, 0x00000005f4c00000, 0x0000000720400000)
  object space 327680K, 0% used [0x00000005e0c00000,0x00000005e0d68588,0x00000005f4c00000)
 Metaspace       used 20880K, capacity 21096K, committed 21248K, reserved 1067008K
  class space    used 2652K, capacity 2732K, committed 2816K, reserved 1048576K
}
Event: 2.654 GC heap before
{Heap before GC invocations=3 (full 1):
 PSYoungGen      total 143360K, used 18611K [0x0000000720400000, 0x0000000731c00000, 0x00000007c0000000)
  eden space 122880K, 0% used [0x0000000720400000,0x0000000720400000,0x0000000727c00000)
  from space 20480K, 90% used [0x0000000729000000,0x000000072a22cec0,0x000000072a400000)
  to   space 20480K, 0% used [0x0000000727c00000,0x0000000727c00000,0x0000000729000000)
 ParOldGen       total 327680K, used 1441K [0x00000005e0c00000, 0x00000005f4c00000, 0x0000000720400000)
  object space 327680K, 0% used [0x00000005e0c00000,0x00000005e0d68588,0x00000005f4c00000)
 Metaspace       used 20880K, capacity 21096K, committed 21248K, reserved 1067008K
  class space    used 2652K, capacity 2732K, committed 2816K, reserved 1048576K
Event: 2.706 GC heap after
Heap after GC invocations=3 (full 1):
 PSYoungGen      total 143360K, used 0K [0x0000000720400000, 0x0000000731c00000, 0x00000007c0000000)
  eden space 122880K, 0% used [0x0000000720400000,0x0000000720400000,0x0000000727c00000)
  from space 20480K, 0% used [0x0000000729000000,0x0000000729000000,0x000000072a400000)
  to   space 20480K, 0% used [0x0000000727c00000,0x0000000727c00000,0x0000000729000000)
 ParOldGen       total 223744K, used 18286K [0x00000005e0c00000, 0x00000005ee680000, 0x0000000720400000)
  object space 223744K, 8% used [0x00000005e0c00000,0x00000005e1ddb820,0x00000005ee680000)
 Metaspace       used 20880K, capacity 21096K, committed 21248K, reserved 1067008K
  class space    used 2652K, capacity 2732K, committed 2816K, reserved 1048576K
}

